app/build/outputs/logs/manifest-merger-release-report.txt
-- Merging decision tree log ---
manifest
ADDED from src\main\AndroidManifest.xml:2:1-104:12
INJECTED from src\main\AndroidManifest.xml:2:1-104:12
INJECTED from src\main\AndroidManifest.xml:2:1-104:12
INJECTED from src\main\AndroidManifest.xml:2:1-104:12
MERGED from [com.android.support:design:28.0.0] AndroidManifest.xml:17:1-24:12
MERGED from [com.firebaseui:firebase-ui-database:0.4.0] AndroidManifest.xml:2:1-13:12
MERGED from [com.android.support:appcompat-v7:28.0.0] AndroidManifest.xml:17:1-22:12
MERGED from [com.android.support:cardview-v7:28.0.0] AndroidManifest.xml:17:1-22:12
MERGED from [com.android.support.constraint:constraint-layout:1.1.3] AndroidManifest.xml:2:1-11:12
MERGED from [com.google.firebase:firebase-database:17.0.0] AndroidManifest.xml:15:1-36:12
MERGED from [com.onesignal:OneSignal:3.10.1] AndroidManifest.xml:2:1-108:12
MERGED from [com.google.firebase:firebase-messaging:18.0.0] AndroidManifest.xml:17:1-37:12
MERGED from [com.android.support:recyclerview-v7:28.0.0] AndroidManifest.xml:17:1-22:12
MERGED from [com.squareup.picasso:picasso:2.71828] AndroidManifest.xml:2:1-14:12
MERGED from [com.google.firebase:firebase-core:16.0.9] AndroidManifest.xml:2:1-9:12
MERGED from [com.google.firebase:firebase-auth:17.0.0] AndroidManifest.xml:17:1-42:12
MERGED from [com.crashlytics.sdk.android:crashlytics:2.9.4] AndroidManifest.xml:2:1-19:12
MERGED from [com.google.android.gms:play-services-ads:17.2.1] AndroidManifest.xml:17:1-25:12
MERGED from [com.google.android.gms:play-services-analytics:16.0.8] AndroidManifest.xml:17:1-47:12
MERGED from [com.google.android.gms:play-services-auth:16.0.1] AndroidManifest.xml:17:1-39:12
MERGED from [com.google.firebase:firebase-auth-interop:17.0.0] AndroidManifest.xml:2:1-10:12
MERGED from [com.google.android.gms:play-services-flags:16.0.1] AndroidManifest.xml:17:1-22:12
MERGED from [com.google.android.gms:play-services-location:12.0.1] AndroidManifest.xml:2:1-9:12
MERGED from [com.google.android.gms:play-services-tagmanager-v4-impl:16.0.8] AndroidManifest.xml:17:1-24:12
MERGED from [com.google.android.gms:play-services-analytics-impl:16.0.8] AndroidManifest.xml:17:1-31:12
MERGED from [com.google.android.gms:play-services-auth-api-phone:16.0.0] AndroidManifest.xml:2:1-7:12
MERGED from [com.google.android.gms:play-services-auth-base:16.0.0] AndroidManifest.xml:2:1-7:12
MERGED from [com.google.firebase:firebase-analytics:16.5.0] AndroidManifest.xml:2:1-9:12
MERGED from [com.google.android.gms:play-services-measurement-api:16.5.0] AndroidManifest.xml:17:1-36:12
MERGED from [com.google.firebase:firebase-iid:18.0.0] AndroidManifest.xml:17:1-47:12
MERGED from [com.google.firebase:firebase-iid-interop:16.0.1] AndroidManifest.xml:2:1-10:12
MERGED from [com.google.android.gms:play-services-base:16.0.1] AndroidManifest.xml:17:1-29:12
MERGED from [com.google.firebase:firebase-common:17.0.0] AndroidManifest.xml:2:1-19:12
MERGED from [com.google.android.gms:play-services-tasks:16.0.1] AndroidManifest.xml:2:1-9:12
MERGED from [com.google.firebase:firebase-measurement-connector:17.0.1] AndroidManifest.xml:17:1-25:12
MERGED from [com.google.android.gms:play-services-measurement:16.5.0] AndroidManifest.xml:17:1-55:12
MERGED from [com.google.android.gms:play-services-measurement-sdk:16.5.0] AndroidManifest.xml:17:1-25:12
MERGED from [com.google.android.gms:play-services-measurement-impl:16.5.0] AndroidManifest.xml:17:1-40:12
MERGED from [com.google.android.gms:play-services-ads-identifier:16.0.0] AndroidManifest.xml:17:1-24:12
MERGED from [com.google.android.gms:play-services-ads-lite:17.2.1] AndroidManifest.xml:17:1-42:12
MERGED from [com.google.android.gms:play-services-gass:17.2.1] AndroidManifest.xml:2:1-9:12
MERGED from [com.google.android.gms:play-services-stats:16.0.1] AndroidManifest.xml:2:1-9:12
MERGED from [com.google.android.gms:play-services-measurement-sdk-api:16.5.0] AndroidManifest.xml:17:1-40:12
MERGED from [com.google.android.gms:play-services-measurement-base:16.5.0] AndroidManifest.xml:2:1-9:12
MERGED from [com.google.android.gms:play-services-basement:16.2.0] AndroidManifest.xml:17:1-28:12
MERGED from [com.android.support:support-v4:26.1.0] AndroidManifest.xml:17:1-31:12
MERGED from [com.android.support:support-fragment:28.0.0] AndroidManifest.xml:17:1-22:12
MERGED from [com.android.support:animated-vector-drawable:28.0.0] AndroidManifest.xml:17:1-22:12
MERGED from [com.android.support:support-core-ui:28.0.0] AndroidManifest.xml:17:1-22:12
MERGED from [com.android.support:support-core-utils:28.0.0] AndroidManifest.xml:17:1-22:12
MERGED from [com.android.support:support-vector-drawable:28.0.0] AndroidManifest.xml:17:1-22:12
MERGED from [com.android.support:transition:28.0.0] AndroidManifest.xml:17:1-22:12
MERGED from [com.android.support:customtabs:26.1.0] AndroidManifest.xml:17:1-28:12
MERGED from [com.android.support:loader:28.0.0] AndroidManifest.xml:17:1-22:12
MERGED from [com.android.support:viewpager:28.0.0] AndroidManifest.xml:17:1-22:12
MERGED from [com.android.support:coordinatorlayout:28.0.0] AndroidManifest.xml:17:1-22:12
MERGED from [com.android.support:drawerlayout:28.0.0] AndroidManifest.xml:17:1-22:12
MERGED from [com.android.support:slidingpanelayout:28.0.0] AndroidManifest.xml:17:1-22:12
MERGED from [com.android.support:customview:28.0.0] AndroidManifest.xml:17:1-22:12
MERGED from [com.android.support:swiperefreshlayout:28.0.0] AndroidManifest.xml:17:1-22:12
MERGED from [com.android.support:asynclayoutinflater:28.0.0] AndroidManifest.xml:17:1-22:12
MERGED from [com.android.support:support-media-compat:26.1.0] AndroidManifest.xml:17:1-31:12
MERGED from [com.android.support:support-compat:28.0.0] AndroidManifest.xml:17:1-24:12
MERGED from [com.android.support:versionedparcelable:28.0.0] AndroidManifest.xml:17:1-25:12
MERGED from [com.android.support:cursoradapter:28.0.0] AndroidManifest.xml:17:1-22:12
MERGED from [com.android.support:exifinterface:27.1.0] AndroidManifest.xml:17:1-22:12
MERGED from [android.arch.lifecycle:runtime:1.1.1] AndroidManifest.xml:17:1-22:12
MERGED from [com.android.support:documentfile:28.0.0] AndroidManifest.xml:17:1-22:12
MERGED from [com.android.support:localbroadcastmanager:28.0.0] AndroidManifest.xml:17:1-22:12
MERGED from [com.android.support:print:28.0.0] AndroidManifest.xml:17:1-22:12
MERGED from [android.arch.lifecycle:viewmodel:1.1.1] AndroidManifest.xml:17:1-22:12
MERGED from [com.android.support:interpolator:28.0.0] AndroidManifest.xml:17:1-22:12
MERGED from [android.arch.lifecycle:livedata:1.1.1] AndroidManifest.xml:17:1-22:12
MERGED from [android.arch.lifecycle:livedata-core:1.1.1] AndroidManifest.xml:17:1-22:12
MERGED from [android.arch.core:runtime:1.1.1] AndroidManifest.xml:17:1-22:12
MERGED from [com.google.firebase:firebase-database-collection:16.0.1] AndroidManifest.xml:2:1-7:12
MERGED from [com.crashlytics.sdk.android:crashlytics-core:2.6.3] AndroidManifest.xml:45:1-56:12
MERGED from [com.crashlytics.sdk.android:beta:1.2.9] AndroidManifest.xml:2:1-13:12
MERGED from [com.crashlytics.sdk.android:answers:1.4.2] AndroidManifest.xml:2:1-13:12
MERGED from [io.fabric.sdk.android:fabric:1.4.3] AndroidManifest.xml:22:1-33:12
MERGED from [com.google.android.gms:play-services-ads-base:17.2.1] AndroidManifest.xml:2:1-9:12
MERGED from [com.google.android.gms:play-services-location-license:12.0.1] AndroidManifest.xml:17:1-24:12
INJECTED from src\main\AndroidManifest.xml:2:1-104:12
INJECTED from src\main\AndroidManifest.xml:2:1-104:12
INJECTED from src\main\AndroidManifest.xml:2:1-104:12
	package
		ADDED from src\main\AndroidManifest.xml:4:5-45
		INJECTED from src\main\AndroidManifest.xml
		INJECTED from src\main\AndroidManifest.xml
	android:versionName
		INJECTED from src\main\AndroidManifest.xml
		ADDED from src\main\AndroidManifest.xml:2:1-104:12
		INJECTED from src\main\AndroidManifest.xml
	xmlns:tools
		ADDED from src\main\AndroidManifest.xml:3:5-51
	android:versionCode
		INJECTED from src\main\AndroidManifest.xml
		ADDED from src\main\AndroidManifest.xml:2:1-104:12
		INJECTED from src\main\AndroidManifest.xml
	xmlns:android
		ADDED from src\main\AndroidManifest.xml:2:11-69
uses-permission#android.permission.INTERNET
ADDED from src\main\AndroidManifest.xml:6:5-67
MERGED from [com.firebaseui:firebase-ui-database:0.4.0] AndroidManifest.xml:11:5-67
MERGED from [com.firebaseui:firebase-ui-database:0.4.0] AndroidManifest.xml:11:5-67
MERGED from [com.google.firebase:firebase-database:17.0.0] AndroidManifest.xml:26:5-67
MERGED from [com.google.firebase:firebase-database:17.0.0] AndroidManifest.xml:26:5-67
MERGED from [com.onesignal:OneSignal:3.10.1] AndroidManifest.xml:17:5-67
MERGED from [com.onesignal:OneSignal:3.10.1] AndroidManifest.xml:17:5-67
MERGED from [com.crashlytics.sdk.android:crashlytics:2.9.4] AndroidManifest.xml:9:5-67
MERGED from [com.crashlytics.sdk.android:crashlytics:2.9.4] AndroidManifest.xml:9:5-67
MERGED from [com.google.android.gms:play-services-analytics:16.0.8] AndroidManifest.xml:23:5-67
MERGED from [com.google.android.gms:play-services-analytics:16.0.8] AndroidManifest.xml:23:5-67
MERGED from [com.google.android.gms:play-services-analytics-impl:16.0.8] AndroidManifest.xml:23:5-67
MERGED from [com.google.android.gms:play-services-analytics-impl:16.0.8] AndroidManifest.xml:23:5-67
MERGED from [com.google.android.gms:play-services-measurement-api:16.5.0] AndroidManifest.xml:22:5-67
MERGED from [com.google.android.gms:play-services-measurement-api:16.5.0] AndroidManifest.xml:22:5-67
MERGED from [com.google.firebase:firebase-iid:18.0.0] AndroidManifest.xml:23:5-67
MERGED from [com.google.firebase:firebase-iid:18.0.0] AndroidManifest.xml:23:5-67
MERGED from [com.google.android.gms:play-services-measurement:16.5.0] AndroidManifest.xml:23:5-67
MERGED from [com.google.android.gms:play-services-measurement:16.5.0] AndroidManifest.xml:23:5-67
MERGED from [com.google.android.gms:play-services-measurement-impl:16.5.0] AndroidManifest.xml:23:5-67
MERGED from [com.google.android.gms:play-services-measurement-impl:16.5.0] AndroidManifest.xml:23:5-67
MERGED from [com.google.android.gms:play-services-ads-lite:17.2.1] AndroidManifest.xml:23:5-67
MERGED from [com.google.android.gms:play-services-ads-lite:17.2.1] AndroidManifest.xml:23:5-67
MERGED from [com.google.android.gms:play-services-measurement-sdk-api:16.5.0] AndroidManifest.xml:23:5-67
MERGED from [com.google.android.gms:play-services-measurement-sdk-api:16.5.0] AndroidManifest.xml:23:5-67
MERGED from [com.crashlytics.sdk.android:crashlytics-core:2.6.3] AndroidManifest.xml:52:5-67
MERGED from [com.crashlytics.sdk.android:crashlytics-core:2.6.3] AndroidManifest.xml:52:5-67
MERGED from [com.crashlytics.sdk.android:beta:1.2.9] AndroidManifest.xml:9:5-67
MERGED from [com.crashlytics.sdk.android:beta:1.2.9] AndroidManifest.xml:9:5-67
MERGED from [com.crashlytics.sdk.android:answers:1.4.2] AndroidManifest.xml:9:5-67
MERGED from [com.crashlytics.sdk.android:answers:1.4.2] AndroidManifest.xml:9:5-67
MERGED from [io.fabric.sdk.android:fabric:1.4.3] AndroidManifest.xml:29:5-67
MERGED from [io.fabric.sdk.android:fabric:1.4.3] AndroidManifest.xml:29:5-67
	android:name
		ADDED from src\main\AndroidManifest.xml:6:22-64
uses-permission#android.permission.ACCESS_NETWORK_STATE
ADDED from src\main\AndroidManifest.xml:7:5-79
MERGED from [com.google.firebase:firebase-database:17.0.0] AndroidManifest.xml:25:5-79
MERGED from [com.google.firebase:firebase-database:17.0.0] AndroidManifest.xml:25:5-79
MERGED from [com.onesignal:OneSignal:3.10.1] AndroidManifest.xml:25:5-79
MERGED from [com.onesignal:OneSignal:3.10.1] AndroidManifest.xml:25:5-79
MERGED from [com.google.android.gms:play-services-analytics:16.0.8] AndroidManifest.xml:24:5-79
MERGED from [com.google.android.gms:play-services-analytics:16.0.8] AndroidManifest.xml:24:5-79
MERGED from [com.google.android.gms:play-services-analytics-impl:16.0.8] AndroidManifest.xml:24:5-79
MERGED from [com.google.android.gms:play-services-analytics-impl:16.0.8] AndroidManifest.xml:24:5-79
MERGED from [com.google.android.gms:play-services-measurement-api:16.5.0] AndroidManifest.xml:23:5-79
MERGED from [com.google.android.gms:play-services-measurement-api:16.5.0] AndroidManifest.xml:23:5-79
MERGED from [com.google.firebase:firebase-iid:18.0.0] AndroidManifest.xml:22:5-79
MERGED from [com.google.firebase:firebase-iid:18.0.0] AndroidManifest.xml:22:5-79
MERGED from [com.google.android.gms:play-services-measurement:16.5.0] AndroidManifest.xml:24:5-79
MERGED from [com.google.android.gms:play-services-measurement:16.5.0] AndroidManifest.xml:24:5-79
MERGED from [com.google.android.gms:play-services-measurement-impl:16.5.0] AndroidManifest.xml:24:5-79
MERGED from [com.google.android.gms:play-services-measurement-impl:16.5.0] AndroidManifest.xml:24:5-79
MERGED from [com.google.android.gms:play-services-ads-lite:17.2.1] AndroidManifest.xml:24:5-79
MERGED from [com.google.android.gms:play-services-ads-lite:17.2.1] AndroidManifest.xml:24:5-79
MERGED from [com.google.android.gms:play-services-measurement-sdk-api:16.5.0] AndroidManifest.xml:24:5-79
MERGED from [com.google.android.gms:play-services-measurement-sdk-api:16.5.0] AndroidManifest.xml:24:5-79
	android:name
		ADDED from src\main\AndroidManifest.xml:7:22-76
uses-permission#android.permission.ACCESS_WIFI_STATE
ADDED from src\main\AndroidManifest.xml:8:5-76
	android:name
		ADDED from src\main\AndroidManifest.xml:8:22-73
uses-permission#android.permission.CALL_PHONE
ADDED from src\main\AndroidManifest.xml:9:5-69
	android:name
		ADDED from src\main\AndroidManifest.xml:9:22-66
uses-permission#android.permission.WRITE_EXTERNAL_STORAGE
ADDED from src\main\AndroidManifest.xml:11:5-81
	android:name
		ADDED from src\main\AndroidManifest.xml:11:22-78
application
ADDED from src\main\AndroidManifest.xml:13:5-102:19
MERGED from [com.android.support:design:28.0.0] AndroidManifest.xml:22:5-20
MERGED from [com.android.support:design:28.0.0] AndroidManifest.xml:22:5-20
MERGED from [com.android.support.constraint:constraint-layout:1.1.3] AndroidManifest.xml:9:5-20
MERGED from [com.android.support.constraint:constraint-layout:1.1.3] AndroidManifest.xml:9:5-20
MERGED from [com.google.firebase:firebase-database:17.0.0] AndroidManifest.xml:28:5-34:19
MERGED from [com.google.firebase:firebase-database:17.0.0] AndroidManifest.xml:28:5-34:19
MERGED from [com.onesignal:OneSignal:3.10.1] AndroidManifest.xml:49:5-106:19
MERGED from [com.onesignal:OneSignal:3.10.1] AndroidManifest.xml:49:5-106:19
MERGED from [com.google.firebase:firebase-messaging:18.0.0] AndroidManifest.xml:22:5-35:19
MERGED from [com.google.firebase:firebase-messaging:18.0.0] AndroidManifest.xml:22:5-35:19
MERGED from [com.squareup.picasso:picasso:2.71828] AndroidManifest.xml:7:5-12:19
MERGED from [com.squareup.picasso:picasso:2.71828] AndroidManifest.xml:7:5-12:19
MERGED from [com.google.firebase:firebase-core:16.0.9] AndroidManifest.xml:7:5-20
MERGED from [com.google.firebase:firebase-core:16.0.9] AndroidManifest.xml:7:5-20
MERGED from [com.google.firebase:firebase-auth:17.0.0] AndroidManifest.xml:23:5-40:19
MERGED from [com.google.firebase:firebase-auth:17.0.0] AndroidManifest.xml:23:5-40:19
MERGED from [com.crashlytics.sdk.android:crashlytics:2.9.4] AndroidManifest.xml:11:5-17:19
MERGED from [com.crashlytics.sdk.android:crashlytics:2.9.4] AndroidManifest.xml:11:5-17:19
MERGED from [com.google.android.gms:play-services-analytics:16.0.8] AndroidManifest.xml:29:5-45:19
MERGED from [com.google.android.gms:play-services-analytics:16.0.8] AndroidManifest.xml:29:5-45:19
MERGED from [com.google.android.gms:play-services-auth:16.0.1] AndroidManifest.xml:22:5-37:19
MERGED from [com.google.android.gms:play-services-auth:16.0.1] AndroidManifest.xml:22:5-37:19
MERGED from [com.google.firebase:firebase-auth-interop:17.0.0] AndroidManifest.xml:7:5-8:19
MERGED from [com.google.firebase:firebase-auth-interop:17.0.0] AndroidManifest.xml:7:5-8:19
MERGED from [com.google.android.gms:play-services-location:12.0.1] AndroidManifest.xml:7:5-20
MERGED from [com.google.android.gms:play-services-location:12.0.1] AndroidManifest.xml:7:5-20
MERGED from [com.google.android.gms:play-services-tagmanager-v4-impl:16.0.8] AndroidManifest.xml:22:5-20
MERGED from [com.google.android.gms:play-services-tagmanager-v4-impl:16.0.8] AndroidManifest.xml:22:5-20
MERGED from [com.google.android.gms:play-services-analytics-impl:16.0.8] AndroidManifest.xml:29:5-20
MERGED from [com.google.android.gms:play-services-analytics-impl:16.0.8] AndroidManifest.xml:29:5-20
MERGED from [com.google.firebase:firebase-analytics:16.5.0] AndroidManifest.xml:7:5-20
MERGED from [com.google.firebase:firebase-analytics:16.5.0] AndroidManifest.xml:7:5-20
MERGED from [com.google.android.gms:play-services-measurement-api:16.5.0] AndroidManifest.xml:26:5-34:19
MERGED from [com.google.android.gms:play-services-measurement-api:16.5.0] AndroidManifest.xml:26:5-34:19
MERGED from [com.google.firebase:firebase-iid:18.0.0] AndroidManifest.xml:28:5-45:19
MERGED from [com.google.firebase:firebase-iid:18.0.0] AndroidManifest.xml:28:5-45:19
MERGED from [com.google.firebase:firebase-iid-interop:16.0.1] AndroidManifest.xml:7:5-8:19
MERGED from [com.google.firebase:firebase-iid-interop:16.0.1] AndroidManifest.xml:7:5-8:19
MERGED from [com.google.android.gms:play-services-base:16.0.1] AndroidManifest.xml:22:5-27:19
MERGED from [com.google.android.gms:play-services-base:16.0.1] AndroidManifest.xml:22:5-27:19
MERGED from [com.google.firebase:firebase-common:17.0.0] AndroidManifest.xml:11:5-17:19
MERGED from [com.google.firebase:firebase-common:17.0.0] AndroidManifest.xml:11:5-17:19
MERGED from [com.google.android.gms:play-services-tasks:16.0.1] AndroidManifest.xml:7:5-20
MERGED from [com.google.android.gms:play-services-tasks:16.0.1] AndroidManifest.xml:7:5-20
MERGED from [com.google.firebase:firebase-measurement-connector:17.0.1] AndroidManifest.xml:22:5-23:19
MERGED from [com.google.firebase:firebase-measurement-connector:17.0.1] AndroidManifest.xml:22:5-23:19
MERGED from [com.google.android.gms:play-services-measurement:16.5.0] AndroidManifest.xml:28:5-53:19
MERGED from [com.google.android.gms:play-services-measurement:16.5.0] AndroidManifest.xml:28:5-53:19
MERGED from [com.google.android.gms:play-services-measurement-sdk:16.5.0] AndroidManifest.xml:22:5-23:19
MERGED from [com.google.android.gms:play-services-measurement-sdk:16.5.0] AndroidManifest.xml:22:5-23:19
MERGED from [com.google.android.gms:play-services-measurement-impl:16.5.0] AndroidManifest.xml:28:5-38:19
MERGED from [com.google.android.gms:play-services-measurement-impl:16.5.0] AndroidManifest.xml:28:5-38:19
MERGED from [com.google.android.gms:play-services-ads-identifier:16.0.0] AndroidManifest.xml:22:5-20
MERGED from [com.google.android.gms:play-services-ads-identifier:16.0.0] AndroidManifest.xml:22:5-20
MERGED from [com.google.android.gms:play-services-ads-lite:17.2.1] AndroidManifest.xml:26:5-40:19
MERGED from [com.google.android.gms:play-services-ads-lite:17.2.1] AndroidManifest.xml:26:5-40:19
MERGED from [com.google.android.gms:play-services-gass:17.2.1] AndroidManifest.xml:7:5-20
MERGED from [com.google.android.gms:play-services-gass:17.2.1] AndroidManifest.xml:7:5-20
MERGED from [com.google.android.gms:play-services-stats:16.0.1] AndroidManifest.xml:7:5-20
MERGED from [com.google.android.gms:play-services-stats:16.0.1] AndroidManifest.xml:7:5-20
MERGED from [com.google.android.gms:play-services-measurement-sdk-api:16.5.0] AndroidManifest.xml:28:5-38:19
MERGED from [com.google.android.gms:play-services-measurement-sdk-api:16.5.0] AndroidManifest.xml:28:5-38:19
MERGED from [com.google.android.gms:play-services-measurement-base:16.5.0] AndroidManifest.xml:7:5-20
MERGED from [com.google.android.gms:play-services-measurement-base:16.5.0] AndroidManifest.xml:7:5-20
MERGED from [com.google.android.gms:play-services-basement:16.2.0] AndroidManifest.xml:22:5-26:19
MERGED from [com.google.android.gms:play-services-basement:16.2.0] AndroidManifest.xml:22:5-26:19
MERGED from [com.android.support:support-v4:26.1.0] AndroidManifest.xml:25:5-29:19
MERGED from [com.android.support:support-v4:26.1.0] AndroidManifest.xml:25:5-29:19
MERGED from [com.android.support:customtabs:26.1.0] AndroidManifest.xml:22:5-26:19
MERGED from [com.android.support:customtabs:26.1.0] AndroidManifest.xml:22:5-26:19
MERGED from [com.android.support:support-media-compat:26.1.0] AndroidManifest.xml:25:5-29:19
MERGED from [com.android.support:support-media-compat:26.1.0] AndroidManifest.xml:25:5-29:19
MERGED from [com.android.support:support-compat:28.0.0] AndroidManifest.xml:22:5-94
MERGED from [com.android.support:support-compat:28.0.0] AndroidManifest.xml:22:5-94
MERGED from [com.android.support:versionedparcelable:28.0.0] AndroidManifest.xml:22:5-23:19
MERGED from [com.android.support:versionedparcelable:28.0.0] AndroidManifest.xml:22:5-23:19
MERGED from [com.crashlytics.sdk.android:crashlytics-core:2.6.3] AndroidManifest.xml:54:5-20
MERGED from [com.crashlytics.sdk.android:crashlytics-core:2.6.3] AndroidManifest.xml:54:5-20
MERGED from [com.crashlytics.sdk.android:beta:1.2.9] AndroidManifest.xml:11:5-20
MERGED from [com.crashlytics.sdk.android:beta:1.2.9] AndroidManifest.xml:11:5-20
MERGED from [com.crashlytics.sdk.android:answers:1.4.2] AndroidManifest.xml:11:5-20
MERGED from [com.crashlytics.sdk.android:answers:1.4.2] AndroidManifest.xml:11:5-20
MERGED from [io.fabric.sdk.android:fabric:1.4.3] AndroidManifest.xml:31:5-20
MERGED from [io.fabric.sdk.android:fabric:1.4.3] AndroidManifest.xml:31:5-20
MERGED from [com.google.android.gms:play-services-ads-base:17.2.1] AndroidManifest.xml:7:5-20
MERGED from [com.google.android.gms:play-services-ads-base:17.2.1] AndroidManifest.xml:7:5-20
MERGED from [com.google.android.gms:play-services-location-license:12.0.1] AndroidManifest.xml:22:5-20
MERGED from [com.google.android.gms:play-services-location-license:12.0.1] AndroidManifest.xml:22:5-20
	android:appComponentFactory
		ADDED from [com.android.support:support-compat:28.0.0] AndroidManifest.xml:22:18-91
	android:supportsRtl
		ADDED from src\main\AndroidManifest.xml:20:9-35
	android:label
		ADDED from src\main\AndroidManifest.xml:17:9-41
	android:launchMode
		ADDED from src\main\AndroidManifest.xml:18:9-44
	tools:ignore
		ADDED from src\main\AndroidManifest.xml:22:9-48
	android:roundIcon
		ADDED from src\main\AndroidManifest.xml:19:9-41
	android:icon
		ADDED from src\main\AndroidManifest.xml:16:9-36
	android:allowBackup
		ADDED from src\main\AndroidManifest.xml:15:9-35
	android:theme
		ADDED from src\main\AndroidManifest.xml:21:9-40
	android:name
		ADDED from src\main\AndroidManifest.xml:14:9-66
activity#com.syntexterror.bdjobsolution.NottifiactionModule.NottificationPage
ADDED from src\main\AndroidManifest.xml:23:9-114
	android:name
		ADDED from src\main\AndroidManifest.xml:23:19-102
activity#com.syntexterror.bdjobsolution.loginandSetup.ProfileSetupPage
ADDED from src\main\AndroidManifest.xml:24:9-107
	android:name
		ADDED from src\main\AndroidManifest.xml:24:19-95
activity#com.syntexterror.bdjobsolution.bookMarkController.BookMarkDetails
ADDED from src\main\AndroidManifest.xml:25:9-102
	android:name
		ADDED from src\main\AndroidManifest.xml:25:19-99
activity#com.syntexterror.bdjobsolution.bookMarkController.bookmarkActivity
ADDED from src\main\AndroidManifest.xml:26:9-103
	android:name
		ADDED from src\main\AndroidManifest.xml:26:19-100
activity#com.syntexterror.bdjobsolution.profileActivity
ADDED from src\main\AndroidManifest.xml:27:9-83
	android:name
		ADDED from src\main\AndroidManifest.xml:27:19-80
activity#com.syntexterror.bdjobsolution.loginandSetup.RegisterActivity
ADDED from src\main\AndroidManifest.xml:28:9-98
	android:name
		ADDED from src\main\AndroidManifest.xml:28:19-95
activity#com.syntexterror.bdjobsolution.loginandSetup.loginactivity
ADDED from src\main\AndroidManifest.xml:29:9-95
	android:name
		ADDED from src\main\AndroidManifest.xml:29:19-92
meta-data#com.google.android.gms.ads.APPLICATION_ID
ADDED from src\main\AndroidManifest.xml:31:9-33:70
	android:value
		ADDED from src\main\AndroidManifest.xml:33:13-67
	android:name
		ADDED from src\main\AndroidManifest.xml:32:13-69
activity#com.syntexterror.bdjobsolution.SplashScreen
ADDED from src\main\AndroidManifest.xml:35:9-39:20
	android:theme
		ADDED from src\main\AndroidManifest.xml:37:13-42
	android:name
		ADDED from src\main\AndroidManifest.xml:36:13-71
activity#com.syntexterror.bdjobsolution.Home_Activity
ADDED from src\main\AndroidManifest.xml:40:9-48:20
	android:launchMode
		ADDED from src\main\AndroidManifest.xml:42:13-43
	android:name
		ADDED from src\main\AndroidManifest.xml:41:13-72
intent-filter#action:name:android.intent.action.MAIN+category:name:android.intent.category.LAUNCHER
ADDED from src\main\AndroidManifest.xml:43:13-47:29
action#android.intent.action.MAIN
ADDED from src\main\AndroidManifest.xml:44:17-69
	android:name
		ADDED from src\main\AndroidManifest.xml:44:25-66
category#android.intent.category.LAUNCHER
ADDED from src\main\AndroidManifest.xml:46:17-77
	android:name
		ADDED from src\main\AndroidManifest.xml:46:27-74
activity#com.syntexterror.bdjobsolution.JobsActivity
ADDED from src\main\AndroidManifest.xml:49:9-80
	android:name
		ADDED from src\main\AndroidManifest.xml:49:19-77
activity#com.syntexterror.bdjobsolution.NotificationActivity
ADDED from src\main\AndroidManifest.xml:50:9-88
	android:name
		ADDED from src\main\AndroidManifest.xml:50:19-85
activity#com.syntexterror.bdjobsolution.QuizActivity
ADDED from src\main\AndroidManifest.xml:51:9-80
	android:name
		ADDED from src\main\AndroidManifest.xml:51:19-77
activity#com.syntexterror.bdjobsolution.ContactActivity
ADDED from src\main\AndroidManifest.xml:52:9-83
	android:name
		ADDED from src\main\AndroidManifest.xml:52:19-80
activity#com.syntexterror.bdjobsolution.SettingsActivity
ADDED from src\main\AndroidManifest.xml:53:9-84
	android:name
		ADDED from src\main\AndroidManifest.xml:53:19-81
activity#com.syntexterror.bdjobsolution.AboutActivity
ADDED from src\main\AndroidManifest.xml:54:9-81
	android:name
		ADDED from src\main\AndroidManifest.xml:54:19-78
activity#com.syntexterror.bdjobsolution.ArticleActivity
ADDED from src\main\AndroidManifest.xml:55:9-83
	android:name
		ADDED from src\main\AndroidManifest.xml:55:19-80
activity#com.syntexterror.bdjobsolution.PostsListActivity
ADDED from src\main\AndroidManifest.xml:56:9-85
	android:name
		ADDED from src\main\AndroidManifest.xml:56:19-82
activity#com.syntexterror.bdjobsolution.PostDetailActivity
ADDED from src\main\AndroidManifest.xml:57:9-86
	android:name
		ADDED from src\main\AndroidManifest.xml:57:19-83
activity#com.syntexterror.bdjobsolution.WPPostDetails
ADDED from src\main\AndroidManifest.xml:58:9-81
	android:name
		ADDED from src\main\AndroidManifest.xml:58:19-78
activity#com.syntexterror.bdjobsolution.Wp_Quiz_details
ADDED from src\main\AndroidManifest.xml:59:9-83
	android:name
		ADDED from src\main\AndroidManifest.xml:59:19-80
meta-data#io.fabric.ApiKey
ADDED from src\main\AndroidManifest.xml:61:9-63:72
	android:value
		ADDED from src\main\AndroidManifest.xml:63:13-69
	android:name
		ADDED from src\main\AndroidManifest.xml:62:13-44
activity#com.syntexterror.bdjobsolution.Voca_activity
ADDED from src\main\AndroidManifest.xml:65:9-81
	android:name
		ADDED from src\main\AndroidManifest.xml:65:19-78
activity#com.syntexterror.bdjobsolution.Voc_post_detail
ADDED from src\main\AndroidManifest.xml:66:9-83
	android:name
		ADDED from src\main\AndroidManifest.xml:66:19-80
activity#com.syntexterror.bdjobsolution.Qustion_Bank
ADDED from src\main\AndroidManifest.xml:67:9-80
	android:name
		ADDED from src\main\AndroidManifest.xml:67:19-77
activity#com.syntexterror.bdjobsolution.qus_bank_detail
ADDED from src\main\AndroidManifest.xml:68:9-83
	android:name
		ADDED from src\main\AndroidManifest.xml:68:19-80
activity#com.syntexterror.bdjobsolution.BcsActivity
ADDED from src\main\AndroidManifest.xml:69:9-79
	android:name
		ADDED from src\main\AndroidManifest.xml:69:19-76
activity#com.syntexterror.bdjobsolution.SyllabusActivity
ADDED from src\main\AndroidManifest.xml:70:9-84
	android:name
		ADDED from src\main\AndroidManifest.xml:70:19-81
activity#com.syntexterror.bdjobsolution.BcsButtonActivity
ADDED from src\main\AndroidManifest.xml:71:9-85
	android:name
		ADDED from src\main\AndroidManifest.xml:71:19-82
activity#com.syntexterror.bdjobsolution.Bises
ADDED from src\main\AndroidManifest.xml:72:9-73
	android:name
		ADDED from src\main\AndroidManifest.xml:72:19-70
activity#com.syntexterror.bdjobsolution.bises_post_detail
ADDED from src\main\AndroidManifest.xml:73:9-85
	android:name
		ADDED from src\main\AndroidManifest.xml:73:19-82
activity#com.syntexterror.bdjobsolution.Current_Activity
ADDED from src\main\AndroidManifest.xml:74:9-84
	android:name
		ADDED from src\main\AndroidManifest.xml:74:19-81
activity#com.syntexterror.bdjobsolution.Current_Post_Detail
ADDED from src\main\AndroidManifest.xml:75:9-87
	android:name
		ADDED from src\main\AndroidManifest.xml:75:19-84
activity#com.syntexterror.bdjobsolution.Feature_Activity
ADDED from src\main\AndroidManifest.xml:76:9-84
	android:name
		ADDED from src\main\AndroidManifest.xml:76:19-81
activity#com.syntexterror.bdjobsolution.Feature_Detail_Activity
ADDED from src\main\AndroidManifest.xml:77:9-91
	android:name
		ADDED from src\main\AndroidManifest.xml:77:19-88
activity#com.syntexterror.bdjobsolution.Bcs_Prep_POst_DeatilsActivity
ADDED from src\main\AndroidManifest.xml:78:9-97
	android:name
		ADDED from src\main\AndroidManifest.xml:78:19-94
activity#com.syntexterror.bdjobsolution.Govt_job_prep
ADDED from src\main\AndroidManifest.xml:79:9-81
	android:name
		ADDED from src\main\AndroidManifest.xml:79:19-78
activity#com.syntexterror.bdjobsolution.Bank_Prep
ADDED from src\main\AndroidManifest.xml:80:9-77
	android:name
		ADDED from src\main\AndroidManifest.xml:80:19-74
activity#com.syntexterror.bdjobsolution.Shikok_nivondon
ADDED from src\main\AndroidManifest.xml:81:9-83
	android:name